C51 COMPILER V8.08   MG995                                                                 03/29/2010 22:19:01 PAGE 1   


C51 COMPILER V8.08, COMPILATION OF MODULE MG995
OBJECT MODULE PLACED IN mg995.OBJ
COMPILER INVOKED BY: C:\Keil\C51\BIN\C51.EXE mg995.c BROWSE DEBUG OBJECTEXTEND

line level    source

   1          #include <regx51.h>
   2          unsigned int dutytime=45536; //65536-45536就是責任週期
   3          unsigned int ton=10000; //高電位比例=50%
   4          unsigned int toff=10000; //低電位比例=50%
   5          unsigned int temp; //給計時器工作用
   6          void timer0_initialize(void)  //初始化計時器0
   7          {
   8   1          EA=0; //關閉中斷功能(所有中斷副程式失效)
   9   1          IE|=0x02; //開啟計時器中斷功能
  10   1          TMOD|=0x01; //設定計時器模式
  11   1          temp=65536-dutytime; //設定中斷一次的時間(預設是dutytime)
  12   1          TH0=temp/256; //填入高八位
  13   1          TL0=temp%256; //填入低八位
  14   1          TR0=1; //啟動計時器
  15   1          EA=1; //開啟中斷功能(中斷副程式可以執行)
  16   1      }
  17          void timer0_isr(void) interrupt TF0_VECTOR using 1 //使用計時器中斷副程式產生PWM
  18          {
  19   1          if(P2_0==1)
  20   1          {
  21   2          TR0=0;
  22   2          temp=65536-toff;
  23   2          TH0=temp/256;
  24   2          TL0=temp%256;
  25   2          TR0=1;
  26   2          P2_0=0;
  27   2          }
  28   1          else
  29   1          {
  30   2          TR0=0;
  31   2          temp=65536-ton;
  32   2          TH0=temp/256;
  33   2          TL0=temp%256;
  34   2          TR0=1;
  35   2          P2_0=1;
  36   2          }
  37   1      }
  38          void main(void) //主程式開始
  39          {
  40   1          timer0_initialize(); //呼叫計時器初始化副程式
  41   1          //主程式中可直接改變ton或toff即可改變高電位跟低電位佔的比例
  42   1          while(1)
  43   1              {
  44   2                      if(P1_0==0)ton=2200;  //2.2ms 左轉 
  45   2                      if(P1_1==0)ton=1500;  //1.5ms 中間
  46   2                      if(P1_2==0)ton=900;       //0.9ms 右轉  千萬別以為就3個角度0.5~2.2之間都可調角度
  47   2                      toff=20000-ton;
  48   2              }
  49   1      }


MODULE INFORMATION:   STATIC OVERLAYABLE
   CODE SIZE        =    132    ----
   CONSTANT SIZE    =   ----    ----
   XDATA SIZE       =   ----    ----
C51 COMPILER V8.08   MG995                                                                 03/29/2010 22:19:01 PAGE 2   

   PDATA SIZE       =   ----    ----
   DATA SIZE        =      8    ----
   IDATA SIZE       =   ----    ----
   BIT SIZE         =   ----    ----
END OF MODULE INFORMATION.


C51 COMPILATION COMPLETE.  0 WARNING(S),  0 ERROR(S)
