C51 COMPILER V9.51   INTERFACING_SERVO_KEIL_C_PGM                                          05/21/2013 23:23:02 PAGE 1   


C51 COMPILER V9.51, COMPILATION OF MODULE INTERFACING_SERVO_KEIL_C_PGM
OBJECT MODULE PLACED IN interfacing servo keil c pgm.OBJ
COMPILER INVOKED BY: C:\Keil\C51\BIN\C51.EXE interfacing servo keil c pgm.c BROWSE DEBUG OBJECTEXTEND TABS(2)

line level    source

   1          #include<reg52.h>
   2          #include<stdio.h>
   3          #include <intrins.h>
   4          
   5          sbit motor_pin = P2^0;
   6          void Delay(unsigned int);
   7          void Delay_servo(unsigned int);
   8          void main()
   9          {
  10   1        motor_pin = 0;
  11   1        
  12   1       do
  13   1       {
  14   2         //Turn to 0 degree
  15   2         motor_pin = 1;
  16   2         Delay_servo(50);
  17   2         motor_pin = 0;
  18   2         
  19   2         Delay(1000);
  20   2      
  21   2         //Turn to 90 degree
  22   2         motor_pin=1;
  23   2         Delay_servo(82);
  24   2         motor_pin=0;
  25   2         
  26   2         Delay(1000);
  27   2      
  28   2         
  29   2         //Turn to 180 degree
  30   2         motor_pin=1;
  31   2         Delay_servo(110);
  32   2         motor_pin=0;
  33   2         
  34   2         Delay(1000);
  35   2       }while(1);
  36   1      }
  37          
  38          void Delay(unsigned int ms)
  39          {
  40   1        unsigned long int us = ms*1000;
  41   1        while(us--)
  42   1        {
  43   2          _nop_();
  44   2        }   
  45   1      }
  46          
  47          void Delay_servo(unsigned int us)
  48          {
  49   1        while(us--)
  50   1        {
  51   2          _nop_();
  52   2        }   
  53   1      }


C51 COMPILER V9.51   INTERFACING_SERVO_KEIL_C_PGM                                          05/21/2013 23:23:02 PAGE 2   

MODULE INFORMATION:   STATIC OVERLAYABLE
   CODE SIZE        =     93    ----
   CONSTANT SIZE    =   ----    ----
   XDATA SIZE       =   ----    ----
   PDATA SIZE       =   ----    ----
   DATA SIZE        =   ----       4
   IDATA SIZE       =   ----    ----
   BIT SIZE         =   ----    ----
END OF MODULE INFORMATION.


C51 COMPILATION COMPLETE.  0 WARNING(S),  0 ERROR(S)
